<?xml version="1.0" encoding="UTF-8"?>
<!-- Generated by org.testng.reporters.JUnitReportReporter -->
<testsuite hostname="Nehal-PC" name="dataProviders_SeperateClass.YahooRegistration" tests="2" failures="0" timestamp="15 Sep 2014 06:35:28 GMT" time="0.009" errors="0">
  <testcase name="RegistrationTest" time="0.009" classname="dataProviders_SeperateClass.YahooRegistration"/>
  <testcase name="RegistrationTest" time="0.000" classname="dataProviders_SeperateClass.YahooRegistration"/>
</testsuite> <!-- dataProviders_SeperateClass.YahooRegistration -->
