<?xml version="1.0" encoding="UTF-8"?>
<!-- Generated by org.testng.reporters.JUnitReportReporter -->
<testsuite hostname="Nehal-PC" name="test.YahooTest" tests="2" failures="0" timestamp="22 Sep 2014 00:16:46 GMT" time="0.004" errors="0">
  <testcase name="ReceiveMail" time="0.003" classname="test.YahooTest"/>
  <testcase name="testsendmail" time="0.001" classname="test.YahooTest"/>
</testsuite> <!-- test.YahooTest -->
