<?xml version="1.0" encoding="UTF-8"?>
<!-- Generated by org.testng.reporters.JUnitReportReporter -->
<testsuite hostname="Nehal-PC" name="Parameterize.YahooRegistration" tests="2" failures="0" timestamp="14 Sep 2014 23:13:56 GMT" time="0.009" errors="0">
  <testcase name="RegistrationTest" time="0.001" classname="Parameterize.YahooRegistration"/>
  <testcase name="RegistrationTest" time="0.008" classname="Parameterize.YahooRegistration"/>
</testsuite> <!-- Parameterize.YahooRegistration -->
