<?xml version="1.0" encoding="UTF-8"?>
<!-- Generated by org.testng.reporters.JUnitReportReporter -->
<testsuite hostname="Nehal-PC" name="SampleTest_anotation" tests="2" failures="0" timestamp="13 Sep 2014 18:17:22 GMT" time="0.014" errors="0">
  <testcase name="LoginTest" time="0.013" classname="SampleTest_anotation"/>
  <testcase name="testapp" time="0.001" classname="SampleTest_anotation"/>
</testsuite> <!-- SampleTest_anotation -->
