<?xml version="1.0" encoding="UTF-8"?>
<!-- Generated by org.testng.reporters.JUnitReportReporter -->
<testsuite hostname="Nehal-PC" name="Parameterize.SameDataProviderWithDiffDataforDiffTesecases" tests="2" failures="0" timestamp="21 Sep 2014 02:47:52 GMT" time="0.009" errors="0">
  <testcase name="Test1" time="0.008" classname="Parameterize.SameDataProviderWithDiffDataforDiffTesecases"/>
  <testcase name="Test2" time="0.001" classname="Parameterize.SameDataProviderWithDiffDataforDiffTesecases"/>
</testsuite> <!-- Parameterize.SameDataProviderWithDiffDataforDiffTesecases -->
