<?xml version="1.0" encoding="UTF-8"?>
<!-- Generated by org.testng.reporters.JUnitReportReporter -->
<testsuite hostname="Nehal-PC" name="Parameterize.GmailRegistration" tests="2" failures="0" timestamp="16 Sep 2014 23:46:27 GMT" time="0.009" errors="0">
  <testcase name="GmailuserRegistration" time="0.001" classname="Parameterize.GmailRegistration"/>
  <testcase name="GmailuserRegistration" time="0.008" classname="Parameterize.GmailRegistration"/>
</testsuite> <!-- Parameterize.GmailRegistration -->
