<?xml version="1.0" encoding="UTF-8"?>
<!-- Generated by org.testng.reporters.JUnitReportReporter -->
<testsuite hostname="Nehal-PC" name="Listner.LoginTest" tests="1" failures="0" timestamp="15 Sep 2014 07:26:22 GMT" time="0.010" errors="0">
  <testcase name="Login" time="0.010" classname="Listner.LoginTest"/>
</testsuite> <!-- Listner.LoginTest -->
