<?xml version="1.0" encoding="UTF-8"?>
<!-- Generated by org.testng.reporters.JUnitReportReporter -->
<testsuite hostname="Nehal-PC" name="test.SkipTestExample" tests="1" failures="1" timestamp="22 Sep 2014 00:16:46 GMT" time="0.002" errors="0">
  <testcase name="SkiptheTest" time="0.002" classname="test.SkipTestExample"/>
</testsuite> <!-- test.SkipTestExample -->
