<?xml version="1.0" encoding="UTF-8"?>
<!-- Generated by org.testng.reporters.JUnitReportReporter -->
<testsuite hostname="Nehal-PC" name="grouping_priority.Grouping_Priority" tests="3" failures="0" timestamp="15 Sep 2014 02:06:10 GMT" time="0.012" errors="0">
  <testcase name="ChangePassword" time="0.001" classname="grouping_priority.Grouping_Priority"/>
  <testcase name="LogOut" time="0.001" classname="grouping_priority.Grouping_Priority"/>
  <testcase name="Login" time="0.010" classname="grouping_priority.Grouping_Priority"/>
</testsuite> <!-- grouping_priority.Grouping_Priority -->
