<?xml version="1.0" encoding="UTF-8"?>
<!-- Generated by org.testng.reporters.JUnitReportReporter -->
<testsuite hostname="Nehal-PC" name="dataprovider_hashtable.GmailRegistration" tests="2" failures="0" timestamp="21 Sep 2014 03:21:41 GMT" time="0.008" errors="0">
  <testcase name="GmailuserRegistration" time="0.000" classname="dataprovider_hashtable.GmailRegistration"/>
  <testcase name="GmailuserRegistration" time="0.008" classname="dataprovider_hashtable.GmailRegistration"/>
</testsuite> <!-- dataprovider_hashtable.GmailRegistration -->
