<?xml version="1.0" encoding="UTF-8"?>
<!-- Generated by org.testng.reporters.JUnitReportReporter -->
<testsuite hostname="Nehal-PC" name="test.YahooNews" tests="1" failures="0" timestamp="22 Sep 2014 00:16:46 GMT" time="0.000" errors="0">
  <testcase name="Yahoo_News" time="0.000" classname="test.YahooNews"/>
</testsuite> <!-- test.YahooNews -->
